C51 COMPILER V9.59.0.0   LCD_12864                                                         02/28/2021 19:44:49 PAGE 1   


C51 COMPILER V9.59.0.0, COMPILATION OF MODULE LCD_12864
OBJECT MODULE PLACED IN .\Objects\lcd_12864.obj
COMPILER INVOKED BY: D:\ruanjian\danpianji\C51\BIN\C51.EXE lcd_12864.c LARGE OPTIMIZE(8,SPEED) BROWSE DEBUG OBJECTEXTEND
                    - PRINT(.\Listings\lcd_12864.lst) TABS(2) OBJECT(.\Objects\lcd_12864.obj)

line level    source

   1          
   2          #include <intrins.h>
   3          #include "delay.h"
   4          #include "lcd_12864.h"
   5          
   6          char local_date=0,base_date=0;//»´æ÷±‰¡ø£¨µ±«∞º˝Õ∑Œª÷√
   7          
   8          unsigned char code *Main_Menu0[]=
   9          {
  10          {"    ª∂”≠ π”√"},
  11          {"  ÷«ƒ‹‘∆øº«⁄ª˙"}
  12          };
  13          
  14          unsigned char code *Main_Menu1[]=
  15          {
  16          {"  ÷∏Œ∆ ∂±œµÕ≥"},
  17          {"   «∑Ò—È÷§÷∏Œ∆?"}
  18          };
  19          
  20          unsigned char code *Main_Menu2[]=
  21          {
  22          {"  √‹¬Î«©µΩœµÕ≥"},
  23          {"   «∑Ò ‰»Î√‹¬Î?"}
  24          };
  25          
  26          /*------------------------------------------------
  27                              ºÏ≤‚√¶Œª
  28          ------------------------------------------------*/
  29          void Check_Busy()
  30          {  
  31   1          RS=0;
  32   1          RW=1;
  33   1          E=1;
  34   1          DataPort=0xff;
  35   1          while((DataPort&0x80)==0x80);//√¶‘Úµ»¥˝
  36   1          E=0;
  37   1      }
  38          /*------------------------------------------------
  39                             –¥√¸¡Ó
  40          ------------------------------------------------*/
  41          void Write_Cmd(unsigned char Cmd)
  42          {
  43   1        Check_Busy();
  44   1        RS=0;
  45   1        RW=0;
  46   1        E=1;
  47   1        DataPort=Cmd;
  48   1        Delay_Us(20);    // _nop_();∫Ø ˝“≤ø…“‘¥ÔµΩ∂Ã‘›—” ±µƒ–ßπ˚
  49   1        E=0;
  50   1        Delay_Us(20);
  51   1      }
  52          /*------------------------------------------------
  53                              –¥ ˝æ›
  54          ------------------------------------------------*/
C51 COMPILER V9.59.0.0   LCD_12864                                                         02/28/2021 19:44:49 PAGE 2   

  55          void Write_Data(unsigned char Data)
  56          {
  57   1        Check_Busy();
  58   1        RS=1;
  59   1        RW=0;
  60   1        E=1;
  61   1        DataPort=Data;
  62   1        Delay_Us(20);
  63   1        E=0;
  64   1        Delay_Us(20);
  65   1      }
  66          /*------------------------------------------------
  67                             “∫æß∆¡≥ı ºªØ
  68          ------------------------------------------------*/
  69          void Init_ST7920()
  70          {  
  71   1         Delay_Ms(40);           //¥Û”⁄40MSµƒ—” ±≥Ã–Ú
  72   1         PSB=1;                 //…Ë÷√Œ™8BIT≤¢ø⁄π§◊˜ƒ£ Ω
  73   1         Delay_Ms(1);            //—” ±
  74   1         RES=0;                 //∏¥Œª
  75   1         Delay_Ms(1);            //—” ±
  76   1         RES=1;                 //∏¥Œª÷√∏ﬂ
  77   1         Delay_Ms(10);
  78   1         Write_Cmd(0x30);       //—°‘Òª˘±æ÷∏¡ÓºØ
  79   1         Delay_Us(120);         //—” ±¥Û”⁄100us
  80   1         Write_Cmd(0x30);       //—°‘Ò8bit ˝æ›¡˜
  81   1         Delay_Us(50);         //—” ±¥Û”⁄37us
  82   1         Write_Cmd(0x0c);       //ø™œ‘ æ(Œﬁ”Œ±Í°¢≤ª∑¥∞◊)
  83   1         Delay_Us(120);         //—” ±¥Û”⁄100us
  84   1         Write_Cmd(0x01);       //«Â≥˝œ‘ æ£¨≤¢«“…Ë∂®µÿ÷∑÷∏’ÎŒ™00H
  85   1         Delay_Ms(10);           //—” ±¥Û”⁄10ms
  86   1         Write_Cmd(0x06);       //÷∏∂®‘⁄◊ ¡œµƒ∂¡»°º∞–¥»Î ±£¨…Ë∂®”Œ±Íµƒ“∆∂Ø∑ΩœÚº∞÷∏∂®œ‘ æµƒ“∆Œª£¨π‚±Í¥””“œÚ◊Ûº”1Œ
             -ª“∆∂Ø
  87   1         Delay_Us(120);         //—” ±¥Û”⁄100us
  88   1      }
  89          /*------------------------------------------------
  90                             ”√ªß◊‘∂®“Â◊÷∑˚
  91          ------------------------------------------------*/
  92          /*void CGRAM()
  93          { 
  94               int i;
  95               Write_Cmd(0x30); 
  96               Write_Cmd(0x40);
  97               for(i=0;i<16;i++)
  98                 {
  99                Write_Data(user16x16[i*2]);
 100                  Write_Data(user16x16[i*2+1]);
 101                }
 102          }   */
 103          /*------------------------------------------------
 104                             œ‘ æ”√ªß◊‘∂®“Â◊÷∑˚
 105          ------------------------------------------------*/
 106          void DisplayCGRAM(unsigned char x,unsigned char y)     
 107          { 
 108   1       switch(y)
 109   1           {
 110   2          case 1: Write_Cmd(0x80+x);break;
 111   2          case 2: Write_Cmd(0x90+x);break;
 112   2          case 3: Write_Cmd(0x88+x);break;
 113   2          case 4: Write_Cmd(0x98+x);break;
 114   2            default:break;
 115   2         }
C51 COMPILER V9.59.0.0   LCD_12864                                                         02/28/2021 19:44:49 PAGE 3   

 116   1          Write_Data(00);
 117   1          Write_Data(00);
 118   1      
 119   1      }         
 120          /*------------------------------------------------
 121                             œ‘ æ◊÷∑˚¥Æ
 122          x:∫·◊¯±Í÷µ£¨∑∂Œß0~8
 123          y:◊›◊¯±Í÷µ£¨∑∂Œß1~4
 124          ------------------------------------------------*/
 125          void LCD_PutString(unsigned char x,unsigned char y,unsigned char code *s)
 126          { 
 127   1       switch(y)
 128   1           {
 129   2          case 1: Write_Cmd(0x80+x);break;
 130   2          case 2: Write_Cmd(0x90+x);break;
 131   2          case 3: Write_Cmd(0x88+x);break;
 132   2          case 4: Write_Cmd(0x98+x);break;
 133   2            default:break;
 134   2         }
 135   1       while(*s>0)
 136   1         { 
 137   2            Write_Data(*s);
 138   2            s++;
 139   2           Delay_Us(120);
 140   2         }
 141   1      }
 142          /*------------------------------------------------
 143                                «Â∆¡
 144          ------------------------------------------------*/
 145          void ClrScreen()
 146          { 
 147   1         Write_Cmd(0x01);
 148   1         Delay_Ms(20);
 149   1      }
 150            
 151          void DisplayUpdata0(void)
 152          {   
 153   1        ClrScreen();
 154   1          LCD_PutString(0,1,Main_Menu0[0]);    
 155   1          LCD_PutString(0,3,Main_Menu0[1]);   //windowsª∑æ≥œ¬ø…“‘÷±Ω”–¥∫∫◊÷
 156   1        
 157   1      }   
 158          void DisplayUpdata1(void)
 159          {   
 160   1        ClrScreen();
 161   1          LCD_PutString(0,1,Main_Menu1[0]);    
 162   1          LCD_PutString(0,3,Main_Menu1[1]);   //windowsª∑æ≥œ¬ø…“‘÷±Ω”–¥∫∫◊÷
 163   1        
 164   1      }
 165          void DisplayUpdata2(void)
 166          {   
 167   1        ClrScreen();
 168   1          LCD_PutString(0,1,Main_Menu2[0]);    
 169   1          LCD_PutString(0,3,Main_Menu2[1]);   //windowsª∑æ≥œ¬ø…“‘÷±Ω”–¥∫∫◊÷
 170   1        
 171   1      } 


MODULE INFORMATION:   STATIC OVERLAYABLE
   CODE SIZE        =    435    ----
   CONSTANT SIZE    =     90    ----
   XDATA SIZE       =     14       4
C51 COMPILER V9.59.0.0   LCD_12864                                                         02/28/2021 19:44:49 PAGE 4   

   PDATA SIZE       =   ----    ----
   DATA SIZE        =   ----    ----
   IDATA SIZE       =   ----    ----
   BIT SIZE         =   ----    ----
END OF MODULE INFORMATION.


C51 COMPILATION COMPLETE.  0 WARNING(S),  0 ERROR(S)
