C51 COMPILER V9.59.0.0   MAIN                                                              02/28/2021 19:44:49 PAGE 1   


C51 COMPILER V9.59.0.0, COMPILATION OF MODULE MAIN
OBJECT MODULE PLACED IN .\Objects\main.obj
COMPILER INVOKED BY: D:\ruanjian\danpianji\C51\BIN\C51.EXE main.c LARGE OPTIMIZE(8,SPEED) BROWSE DEBUG OBJECTEXTEND PRIN
                    -T(.\Listings\main.lst) TABS(2) OBJECT(.\Objects\main.obj)

line level    source

   1          #include <stc8.h>
   2          #include "lcd_12864.h"
   3          #include "delay.h"
   4          #include "keyboard.h"
   5          #include "uart.h"
   6          #include "FPM10A.h"
   7          
   8          #define uchar unsigned char
   9          #define uint unsigned int
  10            
  11          
  12          uchar key,a;
  13          
  14          void main()
  15          {
  16   1        Init_ST7920();
  17   1        Delay_Ms(500); 
  18   1      
  19   1        
  20   1        
  21   1        DisplayUpdata0();//ÏÔÊ¾Ä¬ÈÏ²Ëµ¥  
  22   1        Delay_Ms(500); 
  23   1      
  24   1        
  25   1        for(a=6;a>0;a--)
  26   1        {
  27   2          key_scan();
  28   2          key_disaplay();
*** WARNING C206 IN LINE 28 OF main.c: 'key_disaplay': missing function-prototype
  29   2          Delay_Ms(60000000000);
  30   2      
  31   2        }
  32   1        
  33   1      
  34   1      
  35   1      
  36   1      }


MODULE INFORMATION:   STATIC OVERLAYABLE
   CODE SIZE        =     61    ----
   CONSTANT SIZE    =   ----    ----
   XDATA SIZE       =      2    ----
   PDATA SIZE       =   ----    ----
   DATA SIZE        =   ----    ----
   IDATA SIZE       =   ----    ----
   BIT SIZE         =   ----    ----
END OF MODULE INFORMATION.


C51 COMPILATION COMPLETE.  1 WARNING(S),  0 ERROR(S)
